<?xml version="1.0" encoding="UTF-8"?>
<!-- Generated by org.testng.reporters.JUnitReportReporter -->
<testsuite skipped="0" hostname="LAPTOP-LT868505" name="com.ecommerce.qa.testCases.HomePageTest" tests="1" failures="0" timestamp="2020-03-02T10:09:41 SGT" time="51.548" errors="0">
  <testcase name="verifyPreference" time="51.548" classname="com.ecommerce.qa.testCases.HomePageTest"/>
</testsuite> <!-- com.ecommerce.qa.testCases.HomePageTest -->
