<?xml version="1.0" encoding="UTF-8"?>
<!-- Generated by org.testng.reporters.JUnitReportReporter -->
<testsuite skipped="0" hostname="LAPTOP-LT868505" name="com.mobileapp.qa.base.TestBase" tests="1" failures="0" timestamp="2020-02-29T13:47:06 SGT" time="49.165" errors="0">
  <testcase name="capabiliteis" time="49.165" classname="com.mobileapp.qa.base.TestBase"/>
</testsuite> <!-- com.mobileapp.qa.base.TestBase -->
