<?xml version="1.0" encoding="UTF-8"?>
<!-- Generated by org.testng.reporters.JUnitReportReporter -->
<testsuite skipped="0" hostname="LAPTOP-LT868505" name="com.ecommerce.qa.testCases.AddingProductsTest" tests="1" failures="0" timestamp="2020-03-02T12:13:40 SGT" time="55.708" errors="0">
  <testcase name="click" time="55.708" classname="com.ecommerce.qa.testCases.AddingProductsTest"/>
</testsuite> <!-- com.ecommerce.qa.testCases.AddingProductsTest -->
